<?xml version="1.0" encoding="UTF-8"?>
<testng-results ignored="0" total="1" passed="1" failed="0" skipped="0">
  <reporter-output>
  </reporter-output>
  <suite started-at="2022-03-16T12:10:41 CLST" name="Default suite" finished-at="2022-03-16T12:10:50 CLST" duration-ms="8492">
    <groups>
    </groups>
    <test started-at="2022-03-16T12:10:41 CLST" name="Default test" finished-at="2022-03-16T12:10:50 CLST" duration-ms="8492">
      <class name="com.google.FirstTest">
        <test-method is-config="true" signature="beforeClass()[pri:0, instance:com.google.FirstTest@74751b3]" started-at="2022-03-16T12:10:41 CLST" name="beforeClass" finished-at="2022-03-16T12:10:41 CLST" duration-ms="7" status="PASS">
          <reporter-output>
          </reporter-output>
        </test-method> <!-- beforeClass -->
        <test-method signature="f()[pri:0, instance:com.google.FirstTest@74751b3]" started-at="2022-03-16T12:10:41 CLST" name="f" finished-at="2022-03-16T12:10:46 CLST" duration-ms="4284" status="PASS">
          <reporter-output>
          </reporter-output>
        </test-method> <!-- f -->
        <test-method is-config="true" signature="afterClass()[pri:0, instance:com.google.FirstTest@74751b3]" started-at="2022-03-16T12:10:46 CLST" name="afterClass" finished-at="2022-03-16T12:10:50 CLST" duration-ms="4161" status="PASS">
          <reporter-output>
          </reporter-output>
        </test-method> <!-- afterClass -->
      </class> <!-- com.google.FirstTest -->
    </test> <!-- Default test -->
  </suite> <!-- Default suite -->
</testng-results>
