<?xml version="1.0" encoding="UTF-8"?>
<testng-results ignored="0" total="1" passed="1" failed="0" skipped="0">
  <reporter-output>
  </reporter-output>
  <suite started-at="2022-03-17T16:51:44 CLST" name="Default suite" finished-at="2022-03-17T16:52:06 CLST" duration-ms="21498">
    <groups>
    </groups>
    <test started-at="2022-03-17T16:51:44 CLST" name="Default test" finished-at="2022-03-17T16:52:06 CLST" duration-ms="21498">
      <class name="com.google.FirstTestScript">
        <test-method is-config="true" signature="beforeClass()[pri:0, instance:com.google.FirstTestScript@74751b3]" started-at="2022-03-17T16:51:44 CLST" name="beforeClass" finished-at="2022-03-17T16:51:44 CLST" duration-ms="10" status="PASS">
          <reporter-output>
          </reporter-output>
        </test-method> <!-- beforeClass -->
        <test-method signature="f()[pri:0, instance:com.google.FirstTestScript@74751b3]" started-at="2022-03-17T16:51:44 CLST" name="f" finished-at="2022-03-17T16:52:06 CLST" duration-ms="21314" status="PASS">
          <reporter-output>
          </reporter-output>
        </test-method> <!-- f -->
        <test-method is-config="true" signature="afterClass()[pri:0, instance:com.google.FirstTestScript@74751b3]" started-at="2022-03-17T16:52:06 CLST" name="afterClass" finished-at="2022-03-17T16:52:06 CLST" duration-ms="129" status="PASS">
          <reporter-output>
          </reporter-output>
        </test-method> <!-- afterClass -->
      </class> <!-- com.google.FirstTestScript -->
    </test> <!-- Default test -->
  </suite> <!-- Default suite -->
</testng-results>
